PLUMED: PLUMED is starting
PLUMED: Version: 2.7.2 (git: Unknown) compiled on May 31 2023 at 10:53:10
PLUMED: Please cite these papers when using PLUMED [1][2]
PLUMED: For further information see the PLUMED web page at http://www.plumed.org
PLUMED: Root: /afs/crc.nd.edu/user/o/omendibl/lammps_allegro/build_2/plumed_build-prefix/lib/plumed
PLUMED: For installed feature, see /afs/crc.nd.edu/user/o/omendibl/lammps_allegro/build_2/plumed_build-prefix/lib/plumed/src/config/config.txt
PLUMED: Molecular dynamics engine: LAMMPS
PLUMED: Precision of reals: 8
PLUMED: Running over 1 node
PLUMED: Number of threads: 1
PLUMED: Cache line size: 512
PLUMED: Number of atoms: 22
PLUMED: File suffix: 
PLUMED: FILE: plumed_MetaD.dat
PLUMED: Action TORSION
PLUMED:   with label phi
PLUMED:   between atoms 5 7 9 15
PLUMED:   using periodic boundary conditions
PLUMED: Action TORSION
PLUMED:   with label psi
PLUMED:   between atoms 7 9 15 17
PLUMED:   using periodic boundary conditions
PLUMED: Action METAD
PLUMED:   with label metad
PLUMED:   with arguments phi psi
PLUMED:   added component to this action:  metad.bias 
PLUMED:   Gaussian width  0.300000 0.300000  Gaussian height 0.300000
PLUMED:   Gaussian deposition pace 100
PLUMED:   Gaussian file HILLS
PLUMED:   Well-Tempered Bias Factor 3.000000
PLUMED:   Hills relaxation time (tau) 3.325785
PLUMED:   KbT 4.988677
PLUMED:   Grid min -pi -pi
PLUMED:   Grid max pi pi
PLUMED:   Grid bin 300 300
PLUMED:   Grid uses spline interpolation
PLUMED:   added component to this action:  metad.work 
PLUMED:   Bibliography [3][4]
PLUMED: Action PRINT
PLUMED:   with label @3
PLUMED:   with stride 1000
PLUMED:   with arguments phi psi metad.bias metad.work
PLUMED:   on file colvar.dat
PLUMED:   with format  %f
PLUMED: END FILE: plumed_MetaD.dat
PLUMED: Timestep: 0.001000
PLUMED: KbT has not been set by the MD engine
PLUMED: It should be set by hand where needed
PLUMED: Relevant bibliography:
PLUMED:   [1] The PLUMED consortium, Nat. Methods 16, 670 (2019)
PLUMED:   [2] Tribello, Bonomi, Branduardi, Camilloni, and Bussi, Comput. Phys. Commun. 185, 604 (2014)
PLUMED:   [3] Laio and Parrinello, PNAS 99, 12562 (2002)
PLUMED:   [4] Barducci, Bussi, and Parrinello, Phys. Rev. Lett. 100, 020603 (2008)
PLUMED: Please read and cite where appropriate!
PLUMED: Finished setup
PLUMED:                                               Cycles        Total      Average      Minimum      Maximum
PLUMED:                                                    1   839.789418   839.789418   839.789418   839.789418
PLUMED: 1 Prepare dependencies                      10000001    10.418518     0.000001     0.000001     0.108294
PLUMED: 2 Sharing data                              10000001    44.344237     0.000004     0.000004     0.215276
PLUMED: 3 Waiting for data                          10000001    20.892751     0.000002     0.000002     0.000239
PLUMED: 4 Calculating (forward loop)                10000001   482.063998     0.000048     0.000033     0.207835
PLUMED: 5 Applying (backward loop)                  10000001    56.293286     0.000006     0.000005     0.096331
PLUMED: 6 Update                                    10000001   150.531782     0.000015     0.000002     0.769615
