PLUMED: PLUMED is starting
PLUMED: Version: 2.7.2 (git: Unknown) compiled on Feb  8 2023 at 13:02:27
PLUMED: Please cite these papers when using PLUMED [1][2]
PLUMED: For further information see the PLUMED web page at http://www.plumed.org
PLUMED: Root: /afs/crc.nd.edu/user/o/omendibl/lammps_nequip/build_plumed_2/plumed_build-prefix/lib/plumed
PLUMED: For installed feature, see /afs/crc.nd.edu/user/o/omendibl/lammps_nequip/build_plumed_2/plumed_build-prefix/lib/plumed/src/config/config.txt
PLUMED: Molecular dynamics engine: LAMMPS
PLUMED: Precision of reals: 8
PLUMED: Running over 1 node
PLUMED: Number of threads: 1
PLUMED: Cache line size: 512
PLUMED: Number of atoms: 14
PLUMED: File suffix: 
PLUMED: FILE: plumed_but.dat
PLUMED: Action TORSION
PLUMED:   with label phi1
PLUMED:   between atoms 1 5 8 11
PLUMED:   using periodic boundary conditions
PLUMED: Action PRINT
PLUMED:   with label @1
PLUMED:   with stride 20
PLUMED:   with arguments phi1
PLUMED:   on file dihedral.dat
PLUMED:   with format  %f
PLUMED: END FILE: plumed_but.dat
PLUMED: Timestep: 0.001000
PLUMED: KbT has not been set by the MD engine
PLUMED: It should be set by hand where needed
PLUMED: Relevant bibliography:
PLUMED:   [1] The PLUMED consortium, Nat. Methods 16, 670 (2019)
PLUMED:   [2] Tribello, Bonomi, Branduardi, Camilloni, and Bussi, Comput. Phys. Commun. 185, 604 (2014)
PLUMED: Please read and cite where appropriate!
PLUMED: Finished setup
PLUMED:                                               Cycles        Total      Average      Minimum      Maximum
PLUMED:                                                    1    13.620607    13.620607    13.620607    13.620607
PLUMED: 1 Prepare dependencies                       2000001     0.426888     0.000000     0.000000     0.000033
PLUMED: 2 Sharing data                                100001     0.738369     0.000007     0.000002     0.000067
PLUMED: 3 Waiting for data                            100001     0.333019     0.000003     0.000001     0.000038
PLUMED: 4 Calculating (forward loop)                  100001     1.546391     0.000015     0.000004     0.000067
PLUMED: 5 Applying (backward loop)                    100001     0.476073     0.000005     0.000002     0.000022
PLUMED: 6 Update                                      100001     3.169157     0.000032     0.000004     1.631020
